[    0.000000] Initializing cgroup subsys cpuset
[    0.000000] Initializing cgroup subsys cpu
[    0.000000] Initializing cgroup subsys cpuacct
[    0.000000] Linux version 4.4.0-96-generic (buildd@lgw01-10) (gcc version 5.4.0 20160609 (Ubuntu 5.4.0-6ubuntu1~16.04.4) ) #119-Ubuntu SMP Tue Sep 12 14:59:54 UTC 2017 (Ubuntu 4.4.0-96.119-generic 4.4.83)
[    0.000000] Command line: BOOT_IMAGE=/boot/vmlinuz-4.4.0-96-generic root=LABEL=cloudimg-rootfs ro console=tty1 console=ttyS0
[    0.000000] KERNEL supported cpus:
[    0.000000]   Intel GenuineIntel
[    0.000000]   AMD AuthenticAMD
[    0.000000]   Centaur CentaurHauls
[    0.000000] ------------[ cut here ]------------
[    0.000000] WARNING: CPU: 0 PID: 0 at /build/linux-z2ccW0/linux-4.4.0/arch/x86/kernel/fpu/xstate.c:517 fpu__init_system_xstate+0x38b/0x75a()
[    0.000000] XSAVE consistency problem, dumping leaves
[    0.000000] Modules linked in:
[    0.000000] CPU: 0 PID: 0 Comm: swapper Not tainted 4.4.0-96-generic #119-Ubuntu
[    0.000000]  0000000000000086 d4b7994fe5bee7ce ffffffff81e03d80 ffffffff813fabd3
[    0.000000]  ffffffff81e03dc8 ffffffff81caa650 ffffffff81e03db8 ffffffff810812e2
[    0.000000]  ffffffff81e03e48 ffffffff81e03e4c 0000000000000008 0000000000000100
[    0.000000] Call Trace:
[    0.000000]  [<ffffffff813fabd3>] dump_stack+0x63/0x90
[    0.000000]  [<ffffffff810812e2>] warn_slowpath_common+0x82/0xc0
[    0.000000]  [<ffffffff8108137c>] warn_slowpath_fmt+0x5c/0x80
[    0.000000]  [<ffffffff8107cff0>] ? xfeature_size+0x59/0x77
[    0.000000]  [<ffffffff81f6e20b>] fpu__init_system_xstate+0x38b/0x75a
[    0.000000]  [<ffffffff81f5e120>] ? early_idt_handler_array+0x120/0x120
[    0.000000]  [<ffffffff81f6db76>] fpu__init_system+0x10d/0x245
[    0.000000]  [<ffffffff81f6ec7f>] early_cpu_init+0x139/0x13e
[    0.000000]  [<ffffffff81f6ec7f>] ? early_cpu_init+0x139/0x13e
[    0.000000]  [<ffffffff81f6a181>] setup_arch+0xb4/0xcf6
[    0.000000]  [<ffffffff81f5e120>] ? early_idt_handler_array+0x120/0x120
[    0.000000]  [<ffffffff81f5ec74>] start_kernel+0xe4/0x4a2
[    0.000000]  [<ffffffff81f5e120>] ? early_idt_handler_array+0x120/0x120
[    0.000000]  [<ffffffff81f5e339>] x86_64_start_reservations+0x2a/0x2c
[    0.000000]  [<ffffffff81f5e485>] x86_64_start_kernel+0x14a/0x16d
[    0.000000] ---[ end trace 4d5ff9f2f68c4233 ]---
[    0.000000] CPUID[0d, 00]: eax=00000007 ebx=00000440 ecx=00000440 edx=00000000
[    0.000000] CPUID[0d, 01]: eax=00000000 ebx=000003c0 ecx=00000000 edx=00000000
[    0.000000] CPUID[0d, 02]: eax=00000100 ebx=00000240 ecx=00000000 edx=00000000
[    0.000000] CPUID[0d, 03]: eax=00000000 ebx=00000000 ecx=00000000 edx=00000000
[    0.000000] CPUID[0d, 04]: eax=00000000 ebx=00000000 ecx=00000000 edx=00000000
[    0.000000] CPUID[0d, 05]: eax=00000000 ebx=00000000 ecx=00000000 edx=00000000
[    0.000000] CPUID[0d, 06]: eax=00000000 ebx=00000000 ecx=00000000 edx=00000000
[    0.000000] CPUID[0d, 07]: eax=00000000 ebx=00000000 ecx=00000000 edx=00000000
[    0.000000] CPUID[0d, 08]: eax=00000000 ebx=00000000 ecx=00000000 edx=00000000
[    0.000000] CPUID[0d, 09]: eax=00000000 ebx=00000000 ecx=00000000 edx=00000000
[    0.000000] CPUID[0d, 0a]: eax=00000000 ebx=00000000 ecx=00000000 edx=00000000
[    0.000000] CPUID[0d, 0b]: eax=00000000 ebx=00000000 ecx=00000000 edx=00000000
[    0.000000] CPUID[0d, 0c]: eax=00000000 ebx=00000000 ecx=00000000 edx=00000000
[    0.000000] CPUID[0d, 0d]: eax=00000000 ebx=00000000 ecx=00000000 edx=00000000
[    0.000000] CPUID[0d, 0e]: eax=00000000 ebx=00000000 ecx=00000000 edx=00000000
[    0.000000] CPUID[0d, 0f]: eax=00000000 ebx=00000000 ecx=00000000 edx=00000000
[    0.000000] CPUID[0d, 10]: eax=00000000 ebx=00000000 ecx=00000000 edx=00000000
[    0.000000] CPUID[0d, 11]: eax=00000000 ebx=00000000 ecx=00000000 edx=00000000
[    0.000000] x86/fpu: xstate_offset[2]:  576, xstate_sizes[2]:  256
[    0.000000] x86/fpu: Supporting XSAVE feature 0x01: 'x87 floating point registers'
[    0.000000] x86/fpu: Supporting XSAVE feature 0x02: 'SSE registers'
[    0.000000] x86/fpu: Supporting XSAVE feature 0x04: 'AVX registers'
[    0.000000] x86/fpu: Enabled xstate features 0x7, context size is 1088 bytes, using 'standard' format.
[    0.000000] x86/fpu: Using 'lazy' FPU context switches.
[    0.000000] e820: BIOS-provided physical RAM map:
[    0.000000] BIOS-e820: [mem 0x0000000000000000-0x000000000009fbff] usable
[    0.000000] BIOS-e820: [mem 0x000000000009fc00-0x000000000009ffff] reserved
[    0.000000] BIOS-e820: [mem 0x00000000000f0000-0x00000000000fffff] reserved
[    0.000000] BIOS-e820: [mem 0x0000000000100000-0x00000000dffeffff] usable
[    0.000000] BIOS-e820: [mem 0x00000000dfff0000-0x00000000dfffffff] ACPI data
[    0.000000] BIOS-e820: [mem 0x00000000fec00000-0x00000000fec00fff] reserved
[    0.000000] BIOS-e820: [mem 0x00000000fee00000-0x00000000fee00fff] reserved
[    0.000000] BIOS-e820: [mem 0x00000000fffc0000-0x00000000ffffffff] reserved
[    0.000000] BIOS-e820: [mem 0x0000000100000000-0x000000011fffffff] usable
[    0.000000] NX (Execute Disable) protection: active
[    0.000000] SMBIOS 2.5 present.
[    0.000000] Hypervisor detected: KVM
[    0.000000] e820: last_pfn = 0x120000 max_arch_pfn = 0x400000000
[    0.000000] MTRR: Disabled
[    0.000000] x86/PAT: MTRRs disabled, skipping PAT initialization too.
[    0.000000] CPU MTRRs all blank - virtualized system.
[    0.000000] x86/PAT: Configuration [0-7]: WB  WT  UC- UC  WB  WT  UC- UC  
[    0.000000] e820: last_pfn = 0xdfff0 max_arch_pfn = 0x400000000
[    0.000000] found SMP MP-table at [mem 0x0009fff0-0x0009ffff] mapped at [ffff88000009fff0]
[    0.000000] Scanning 1 areas for low memory corruption
[    0.000000] RAMDISK: [mem 0x36ac6000-0x3755afff]
[    0.000000] ACPI: Early table checksum verification disabled
[    0.000000] ACPI: RSDP 0x00000000000E0000 000024 (v02 VBOX  )
[    0.000000] ACPI: XSDT 0x00000000DFFF0030 00003C (v01 VBOX   VBOXXSDT 00000001 ASL  00000061)
[    0.000000] ACPI: FACP 0x00000000DFFF00F0 0000F4 (v04 VBOX   VBOXFACP 00000001 ASL  00000061)
[    0.000000] ACPI: DSDT 0x00000000DFFF0470 0021C8 (v02 VBOX   VBOXBIOS 00000002 INTL 20100528)
[    0.000000] ACPI: FACS 0x00000000DFFF0200 000040
[    0.000000] ACPI: FACS 0x00000000DFFF0200 000040
[    0.000000] ACPI: APIC 0x00000000DFFF0240 00005C (v02 VBOX   VBOXAPIC 00000001 ASL  00000061)
[    0.000000] ACPI: SSDT 0x00000000DFFF02A0 0001CC (v01 VBOX   VBOXCPUT 00000002 INTL 20100528)
[    0.000000] No NUMA configuration found
[    0.000000] Faking a node at [mem 0x0000000000000000-0x000000011fffffff]
[    0.000000] NODE_DATA(0) allocated [mem 0x11fff7000-0x11fffbfff]
[    0.000000] kvm-clock: Using msrs 4b564d01 and 4b564d00
[    0.000000] kvm-clock: cpu 0, msr 1:1ffef001, primary cpu clock
[    0.000000] kvm-clock: using sched offset of 3229702638 cycles
[    0.000000] clocksource: kvm-clock: mask: 0xffffffffffffffff max_cycles: 0x1cd42e4dffb, max_idle_ns: 881590591483 ns
[    0.000000] Zone ranges:
[    0.000000]   DMA      [mem 0x0000000000001000-0x0000000000ffffff]
[    0.000000]   DMA32    [mem 0x0000000001000000-0x00000000ffffffff]
[    0.000000]   Normal   [mem 0x0000000100000000-0x000000011fffffff]
[    0.000000]   Device   empty
[    0.000000] Movable zone start for each node
[    0.000000] Early memory node ranges
[    0.000000]   node   0: [mem 0x0000000000001000-0x000000000009efff]
[    0.000000]   node   0: [mem 0x0000000000100000-0x00000000dffeffff]
[    0.000000]   node   0: [mem 0x0000000100000000-0x000000011fffffff]
[    0.000000] Initmem setup node 0 [mem 0x0000000000001000-0x000000011fffffff]
[    0.000000] ACPI: PM-Timer IO Port: 0x4008
[    0.000000] IOAPIC[0]: apic_id 2, version 32, address 0xfec00000, GSI 0-23
[    0.000000] ACPI: INT_SRC_OVR (bus 0 bus_irq 0 global_irq 2 dfl dfl)
[    0.000000] ACPI: INT_SRC_OVR (bus 0 bus_irq 9 global_irq 9 high level)
[    0.000000] Using ACPI (MADT) for SMP configuration information
[    0.000000] smpboot: Allowing 2 CPUs, 0 hotplug CPUs
[    0.000000] PM: Registered nosave memory: [mem 0x00000000-0x00000fff]
[    0.000000] PM: Registered nosave memory: [mem 0x0009f000-0x0009ffff]
[    0.000000] PM: Registered nosave memory: [mem 0x000a0000-0x000effff]
[    0.000000] PM: Registered nosave memory: [mem 0x000f0000-0x000fffff]
[    0.000000] PM: Registered nosave memory: [mem 0xdfff0000-0xdfffffff]
[    0.000000] PM: Registered nosave memory: [mem 0xe0000000-0xfebfffff]
[    0.000000] PM: Registered nosave memory: [mem 0xfec00000-0xfec00fff]
[    0.000000] PM: Registered nosave memory: [mem 0xfec01000-0xfedfffff]
[    0.000000] PM: Registered nosave memory: [mem 0xfee00000-0xfee00fff]
[    0.000000] PM: Registered nosave memory: [mem 0xfee01000-0xfffbffff]
[    0.000000] PM: Registered nosave memory: [mem 0xfffc0000-0xffffffff]
[    0.000000] e820: [mem 0xe0000000-0xfebfffff] available for PCI devices
[    0.000000] Booting paravirtualized kernel on KVM
[    0.000000] clocksource: refined-jiffies: mask: 0xffffffff max_cycles: 0xffffffff, max_idle_ns: 7645519600211568 ns
[    0.000000] setup_percpu: NR_CPUS:512 nr_cpumask_bits:512 nr_cpu_ids:2 nr_node_ids:1
[    0.000000] PERCPU: Embedded 34 pages/cpu @ffff88011fc00000 s98328 r8192 d32744 u1048576
[    0.000000] PV qspinlock hash table entries: 256 (order: 0, 4096 bytes)
[    0.000000] Built 1 zonelists in Node order, mobility grouping on.  Total pages: 1032057
[    0.000000] Policy zone: Normal
[    0.000000] Kernel command line: BOOT_IMAGE=/boot/vmlinuz-4.4.0-96-generic root=LABEL=cloudimg-rootfs ro console=tty1 console=ttyS0
[    0.000000] PID hash table entries: 4096 (order: 3, 32768 bytes)
[    0.000000] Memory: 4032240K/4193848K available (8479K kernel code, 1294K rwdata, 3984K rodata, 1492K init, 1316K bss, 161608K reserved, 0K cma-reserved)
[    0.000000] SLUB: HWalign=64, Order=0-3, MinObjects=0, CPUs=2, Nodes=1
[    0.000000] Hierarchical RCU implementation.
[    0.000000] 	Build-time adjustment of leaf fanout to 64.
[    0.000000] 	RCU restricting CPUs from NR_CPUS=512 to nr_cpu_ids=2.
[    0.000000] RCU: Adjusting geometry for rcu_fanout_leaf=64, nr_cpu_ids=2
[    0.000000] NR_IRQS:33024 nr_irqs:440 16
[    0.000000] Console: colour VGA+ 80x25
[    0.000000] console [tty1] enabled
[    0.000000] console [ttyS0] enabled
[    0.000000] tsc: Detected 2712.000 MHz processor
[   30.025936] Calibrating delay loop (skipped) preset value.. 5424.00 BogoMIPS (lpj=10848000)
[   30.282747] pid_max: default: 32768 minimum: 301
[   30.384451] ACPI: Core revision 20150930
[   30.466016] ACPI: 2 ACPI AML tables successfully acquired and loaded
[   30.663057] Security Framework initialized
[   30.796342] Yama: becoming mindful.
[   30.891582] AppArmor: AppArmor initialized
[   31.013980] Dentry cache hash table entries: 524288 (order: 10, 4194304 bytes)
[   31.258715] Inode-cache hash table entries: 262144 (order: 9, 2097152 bytes)
[   31.498589] Mount-cache hash table entries: 8192 (order: 4, 65536 bytes)
[   31.697078] Mountpoint-cache hash table entries: 8192 (order: 4, 65536 bytes)
[   31.924620] Initializing cgroup subsys io
[   32.046420] Initializing cgroup subsys memory
[   32.184055] Initializing cgroup subsys devices
[   32.316884] Initializing cgroup subsys freezer
[   32.457766] Initializing cgroup subsys net_cls
[   32.613471] Initializing cgroup subsys perf_event
[   32.726539] Initializing cgroup subsys net_prio
[   32.855351] Initializing cgroup subsys hugetlb
[   33.003489] Initializing cgroup subsys pids
[   33.144211] CPU: Physical Processor ID: 0
[   33.274923] CPU: Processor Core ID: 0
[   33.388007] mce: CPU supports 0 MCE banks
[   33.522127] Last level iTLB entries: 4KB 128, 2MB 8, 4MB 8
[   33.684566] Last level dTLB entries: 4KB 64, 2MB 0, 4MB 0, 1GB 4
[   33.871418] Freeing SMP alternatives memory: 32K
[   34.037663] ftrace: allocating 32146 entries in 126 pages
[   34.215692] smpboot: APIC(0) Converting physical 0 to logical package 0
[   34.419012] smpboot: Max logical packages: 1
[   34.555735] x2apic enabled
[   34.650271] Switched APIC routing to physical x2apic.
[   34.807073] ..TIMER: vector=0x30 apic1=0 pin1=2 apic2=-1 pin2=-1
[   35.009814] smpboot: CPU0: Intel(R) Core(TM) i7-6820HQ CPU @ 2.70GHz (family: 0x6, model: 0x5e, stepping: 0x3)
[   35.322534] Performance Events: unsupported p6 CPU model 94 no PMU driver, software events only.
[   35.403141] KVM setup paravirtual spinlock
[   35.452137] x86: Booting SMP configuration:
[   35.605648] .... node  #0, CPUs:      #1
[   35.709903] kvm-clock: cpu 1, msr 1:1ffef041, secondary cpu clock
[   35.877111] mce: CPU supports 0 MCE banks
[   35.967401] x86: Booted up 1 node, 2 CPUs
[   36.033546] smpboot: Total of 2 processors activated (10848.00 BogoMIPS)
[   36.260849] devtmpfs: initialized
[   36.378278] evm: security.selinux
[   36.480065] evm: security.SMACK64
[   36.589795] evm: security.SMACK64EXEC
[   36.707573] evm: security.SMACK64TRANSMUTE
[   36.840005] evm: security.SMACK64MMAP
[   36.964800] evm: security.ima
[   37.056030] evm: security.capability
[   37.164137] clocksource: jiffies: mask: 0xffffffff max_cycles: 0xffffffff, max_idle_ns: 7645041785100000 ns
[   37.476048] futex hash table entries: 512 (order: 3, 32768 bytes)
[   37.674437] pinctrl core: initialized pinctrl subsystem
[   37.842759] RTC time: 14:39:34, date: 09/19/17
[   37.996234] NET: Registered protocol family 16
[   38.134146] cpuidle: using governor ladder
[   38.258466] cpuidle: using governor menu
[   38.380752] PCCT header not found.
[   38.483101] ACPI: bus type PCI registered
[   38.612177] acpiphp: ACPI Hot Plug PCI Controller Driver version: 0.5
[   38.801484] PCI: Using configuration type 1 for base access
[   38.995159] ACPI: Added _OSI(Module Device)
[   39.127679] ACPI: Added _OSI(Processor Device)
[   39.266640] ACPI: Added _OSI(3.0 _SCP Extensions)
[   39.396871] ACPI: Added _OSI(Processor Aggregator Device)
[   39.566641] ACPI: Executed 1 blocks of module-level executable AML code
[   39.774946] ACPI: Interpreter enabled
[   39.887135] ACPI: (supports S0 S5)
[   39.974909] ACPI: Using IOAPIC for interrupt routing
[   40.012036] PCI: Using host bridge windows from ACPI; if necessary, use "pci=nocrs" and report a bug
[   40.253853] ACPI: PCI Root Bridge [PCI0] (domain 0000 [bus 00-ff])
[   40.390810] acpi PNP0A03:00: _OSC: OS supports [ASPM ClockPM Segments MSI]
[   40.424676] acpi PNP0A03:00: _OSC failed (AE_NOT_FOUND); disabling ASPM
[   40.474263] acpi PNP0A03:00: fail to add MMCONFIG information, can't access extended PCI configuration space under this bridge.
[   40.693935] PCI host bridge to bus 0000:00
[   40.816167] pci_bus 0000:00: root bus resource [io  0x0000-0x0cf7 window]
[   41.008293] pci_bus 0000:00: root bus resource [io  0x0d00-0xffff window]
[   41.231824] pci_bus 0000:00: root bus resource [mem 0x000a0000-0x000bffff window]
[   41.467246] pci_bus 0000:00: root bus resource [mem 0xe0000000-0xffdfffff window]
[   41.670915] pci_bus 0000:00: root bus resource [bus 00-ff]
[   41.805682] pci 0000:00:01.1: legacy IDE quirk: reg 0x10: [io  0x01f0-0x01f7]
[   42.015745] pci 0000:00:01.1: legacy IDE quirk: reg 0x14: [io  0x03f6]
[   42.223116] pci 0000:00:01.1: legacy IDE quirk: reg 0x18: [io  0x0170-0x0177]
[   42.450622] pci 0000:00:01.1: legacy IDE quirk: reg 0x1c: [io  0x0376]
[   42.695125] pci 0000:00:07.0: quirk: [io  0x4000-0x403f] claimed by PIIX4 ACPI
[   42.919559] pci 0000:00:07.0: quirk: [io  0x4100-0x410f] claimed by PIIX4 SMB
[   43.139654] ACPI: PCI Interrupt Link [LNKA] (IRQs 5 9 10 *11)
[   43.295868] ACPI: PCI Interrupt Link [LNKB] (IRQs 5 9 10 *11)
[   43.454155] ACPI: PCI Interrupt Link [LNKC] (IRQs 5 9 *10 11)
[   43.620764] ACPI: PCI Interrupt Link [LNKD] (IRQs 5 *9 10 11)
[   43.788689] ACPI: Enabled 2 GPEs in block 00 to 07
[   43.932361] vgaarb: setting as boot device: PCI:0000:00:02.0
[   44.125986] vgaarb: device added: PCI:0000:00:02.0,decodes=io+mem,owns=io+mem,locks=none
[   44.389497] vgaarb: loaded
[   44.469861] vgaarb: bridge control possible 0000:00:02.0
[   44.651039] SCSI subsystem initialized
[   44.766425] ACPI: bus type USB registered
[   44.870809] usbcore: registered new interface driver usbfs
[   45.045938] usbcore: registered new interface driver hub
[   45.221503] usbcore: registered new device driver usb
[   45.389709] PCI: Using ACPI for IRQ routing
[   45.524472] NetLabel: Initializing
[   45.639992] NetLabel:  domain hash size = 128
[   45.786392] NetLabel:  protocols = UNLABELED CIPSOv4
[   45.949014] NetLabel:  unlabeled traffic allowed by default
[   46.120079] amd_nb: Cannot enumerate AMD northbridges
[   46.270916] clocksource: Switched to clocksource kvm-clock
[   46.466004] AppArmor: AppArmor Filesystem Enabled
[   46.596909] pnp: PnP ACPI init
[   46.619276] pnp: PnP ACPI: found 3 devices
[   46.760048] clocksource: acpi_pm: mask: 0xffffff max_cycles: 0xffffff, max_idle_ns: 2085701024 ns
[   47.063158] NET: Registered protocol family 2
[   47.206267] TCP established hash table entries: 32768 (order: 6, 262144 bytes)
[   47.448092] TCP bind hash table entries: 32768 (order: 7, 524288 bytes)
[   47.685332] TCP: Hash tables configured (established 32768 bind 32768)
[   47.912641] UDP hash table entries: 2048 (order: 4, 65536 bytes)
[   48.111270] UDP-Lite hash table entries: 2048 (order: 4, 65536 bytes)
[   48.327269] NET: Registered protocol family 1
[   48.480065] pci 0000:00:00.0: Limiting direct PCI/PCI transfers
[   48.679670] pci 0000:00:01.0: Activating ISA DMA hang workarounds
[   48.901033] Unpacking initramfs...
[   50.906616] Freeing initrd memory: 10836K
[   51.046405] PCI-DMA: Using software bounce buffering for IO (SWIOTLB)
[   51.259497] software IO TLB [mem 0xdbff0000-0xdfff0000] (64MB) mapped at [ffff8800dbff0000-ffff8800dffeffff]
[   51.532665] platform rtc_cmos: registered platform RTC device (no PNP device found)
[   51.784223] Scanning for low memory corruption every 60 seconds
[   51.987479] audit: initializing netlink subsys (disabled)
[   52.169310] audit: type=2000 audit(1505831948.619:1): initialized
[   52.371715] Initialise system trusted keyring
[   52.516923] HugeTLB registered 2 MB page size, pre-allocated 0 pages
[   52.715793] tsc: Refined TSC clocksource calibration: 2712.707 MHz
[   52.895861] clocksource: tsc: mask: 0xffffffffffffffff max_cycles: 0x271a223064f, max_idle_ns: 440795269942 ns
ÿ[   52.897125] zbud: loaded
[   52.897358] VFS: Disk quotas dquot_6.6.0
[   52.897383] VFS: Dquot-cache hash table entries: 512 (order 0, 4096 bytes)
[   52.897610] squashfs: version 4.0 (2009/01/31) Phillip Lougher
[   52.897800] fuse init (API version 7.23)
[   52.897889] Key type big_key registered
[   52.897905] Allocating IMA MOK and blacklist keyrings.
[   52.898061] Key type asymmetric registered
[   52.898062] Asymmetric key parser 'x509' registered
[   52.898094] Block layer SCSI generic (bsg) driver version 0.4 loaded (major 249)
[   52.898137] io scheduler noop registered
[   52.898139] io scheduler deadline registered (default)
[   52.898175] io scheduler cfq registered
[   52.898245] pci_hotplug: PCI Hot Plug PCI Core version: 0.5
[   52.898249] pciehp: PCI Express Hot Plug Controller Driver version: 0.4
[   52.898428] ACPI: AC Adapter [AC] (on-line)
[   52.898482] input: Power Button as /devices/LNXSYSTM:00/LNXPWRBN:00/input/input0
[   52.898484] ACPI: Power Button [PWRF]
[   52.898537] input: Sleep Button as /devices/LNXSYSTM:00/LNXSLPBN:00/input/input1
[   52.898538] ACPI: Sleep Button [SLPF]
[   52.898637] GHES: HEST is not enabled!
[   52.899351] ACPI: Battery Slot [BAT0] (battery present)
[   52.899386] Serial: 8250/16550 driver, 32 ports, IRQ sharing enabled
[   53.261212] 00:02: ttyS0 at I/O 0x3f8 (irq = 4, base_baud = 115200) is a 16550A
[   53.346124] Linux agpgart interface v0.103
[   53.669592] loop: module loaded
[   53.670062] scsi host0: ata_piix
[   53.670104] scsi host1: ata_piix
[   53.670127] ata1: PATA max UDMA/33 cmd 0x1f0 ctl 0x3f6 bmdma 0xd000 irq 14
[   53.670128] ata2: PATA max UDMA/33 cmd 0x170 ctl 0x376 bmdma 0xd008 irq 15
[   53.670183] libphy: Fixed MDIO Bus: probed
[   53.670185] tun: Universal TUN/TAP device driver, 1.6
[   53.670185] tun: (C) 1999-2004 Max Krasnyansky <maxk@qualcomm.com>
[   53.670503] PPP generic driver version 2.4.2
[   53.670576] ehci_hcd: USB 2.0 'Enhanced' Host Controller (EHCI) Driver
[   53.670580] ehci-pci: EHCI PCI platform driver
[   53.670605] ehci-platform: EHCI generic platform driver
[   53.670612] ohci_hcd: USB 1.1 'Open' Host Controller (OHCI) Driver
[   53.670616] ohci-pci: OHCI PCI platform driver
[   53.670623] ohci-platform: OHCI generic platform driver
[   53.670629] uhci_hcd: USB Universal Host Controller Interface driver
[   53.670700] i8042: PNP: PS/2 Controller [PNP0303:PS2K,PNP0f03:PS2M] at 0x60,0x64 irq 1,12
[   53.836659] serio: i8042 KBD port at 0x60,0x64 irq 1
[   53.836664] serio: i8042 AUX port at 0x60,0x64 irq 12
[   53.836836] mousedev: PS/2 mouse device common for all mice
[   53.837161] rtc_cmos rtc_cmos: rtc core: registered rtc_cmos as rtc0
[   53.837209] rtc_cmos rtc_cmos: alarms up to one day, 114 bytes nvram
[   53.837213] i2c /dev entries driver
[   53.843020] device-mapper: uevent: version 1.0.3
[   53.843084] device-mapper: ioctl: 4.34.0-ioctl (2015-10-28) initialised: dm-devel@redhat.com
[   53.843099] ledtrig-cpu: registered to indicate activity on CPUs
[   53.843307] NET: Registered protocol family 10
[   53.843436] NET: Registered protocol family 17
[   53.843452] Key type dns_resolver registered
[   53.942126] microcode: CPU0 sig=0x506e3, pf=0x2, revision=0x0
[   53.942162] microcode: CPU1 sig=0x506e3, pf=0x2, revision=0x0
[   53.942263] microcode: Microcode Update Driver: v2.01 <tigran@aivazian.fsnet.co.uk>, Peter Oruba
[   53.945043] registered taskstats version 1
[   53.945068] Loading compiled-in X.509 certificates
[   53.945651] Loaded X.509 cert 'Build time autogenerated kernel key: b1a6ea8776bed2812c00d8a799f968274ef48628'
[   53.945685] zswap: loaded using pool lzo/zbud
[   53.946952] Key type trusted registered
[   53.948704] Key type encrypted registered
[   53.948708] AppArmor: AppArmor sha1 policy hashing enabled
[   53.948710] ima: No TPM chip found, activating TPM-bypass!
[   53.948722] evm: HMAC attrs: 0x1
[   53.948954]   Magic number: 1:65:688
[   54.050809] rtc_cmos rtc_cmos: setting system clock to 2017-09-19 14:39:50 UTC (1505831990)
[   54.050968] BIOS EDD facility v0.16 2004-Jun-25, 0 devices found
[   54.050968] EDD information not available.
[   54.837415] input: AT Translated Set 2 keyboard as /devices/platform/i8042/serio0/input/input2
[   64.297658] Freeing unused kernel memory: 1492K
[   64.453763] Write protecting the kernel read-only data: 14336k
[   64.632665] Freeing unused kernel memory: 1748K
[   64.793889] Freeing unused kernel memory: 112K
Loading, please [   64.953747] random: systemd-udevd: uninitialized urandom read (16 bytes read, 9 bits of entropy available)
wait...
startin[   64.954285] random: udevadm: uninitialized urandom read (16 bytes read, 9 bits of entropy available)
g version 229
[   64.954313] random: udevadm: uninitialized urandom read (16 bytes read, 9 bits of entropy available)
[   64.954399] random: udevadm: uninitialized urandom read (16 bytes read, 9 bits of entropy available)
[   64.954429] random: udevadm: uninitialized urandom read (16 bytes read, 9 bits of entropy available)
[   64.954459] random: udevadm: uninitialized urandom read (16 bytes read, 9 bits of entropy available)
[   64.954489] random: udevadm: uninitialized urandom read (16 bytes read, 9 bits of entropy available)
[   64.954519] random: udevadm: uninitialized urandom read (16 bytes read, 9 bits of entropy available)
[   64.954547] random: udevadm: uninitialized urandom read (16 bytes read, 9 bits of entropy available)
[   64.954575] random: udevadm: uninitialized urandom read (16 bytes read, 9 bits of entropy available)
[   67.748952] e1000: Intel(R) PRO/1000 Network Driver - version 7.3.21-k8-NAPI
[   67.948100] e1000: Copyright (c) 1999-2006 Intel Corporation.
[   68.060752] Fusion MPT base driver 3.04.20
[   68.180642] Copyright (c) 1999-2008 LSI Corporation
[   68.313752] Fusion MPT SPI Host driver 3.04.20
[   68.421055] AVX version of gcm_enc/dec engaged.
[   68.543883] e1000 0000:00:03.0 eth0: (PCI:33MHz:32-bit) 02:42:5d:6e:03:5a
[   68.543887] e1000 0000:00:03.0 eth0: Intel(R) PRO/1000 Network Connection
[   68.911985] e1000 0000:00:08.0 eth1: (PCI:33MHz:32-bit) 08:00:27:5b:6a:c2
[   68.911987] e1000 0000:00:08.0 eth1: Intel(R) PRO/1000 Network Connection
[   69.142932] mptbase: ioc0: Initiating bringup
[   69.157157] e1000 0000:00:03.0 enp0s3: renamed from eth0
[   69.203220] ioc0: LSI53C1030 A0: Capabilities={Initiator}
[   69.760942] AES CTR mode by8 optimization enabled
[   69.918200] scsi host2: ioc0: LSI53C1030 A0, FwRev=00000000h, Ports=1, MaxQ=256, IRQ=20
[   69.918499] input: ImExPS/2 Generic Explorer Mouse as /devices/platform/i8042/serio1/input/input4
[   70.478800] e1000 0000:00:08.0 enp0s8: renamed from eth1
[   70.643627] scsi 2:0:0:0: Direct-Access     VBOX     HARDDISK         1.0  PQ: 0 ANSI: 5
[   70.917620] scsi target2:0:0: Beginning Domain Validation
[   71.105458] floppy0: no floppy controllers found
[   71.259777] scsi target2:0:0: Domain Validation skipping write tests
[   71.469824] scsi target2:0:0: Ending Domain Validation
[   71.620871] scsi target2:0:0: asynchronous
[   71.753038] scsi 2:0:1:0: Direct-Access     VBOX     HARDDISK         1.0  PQ: 0 ANSI: 5
[   72.026479] scsi target2:0:1: Beginning Domain Validation
[   72.199222] scsi target2:0:1: Domain Validation skipping write tests
[   72.405834] scsi target2:0:1: Ending Domain Validation
[   72.564357] scsi target2:0:1: asynchronous
[   72.689696] sd 2:0:0:0: [sda] 20971520 512-byte logical blocks: (10.7 GB/10.0 GiB)
[   72.920941] sd 2:0:0:0: Attached scsi generic sg0 type 0
[   72.927425] sd 2:0:0:0: [sda] Write Protect is off
[   72.927493] sd 2:0:0:0: [sda] Incomplete mode parameter data
[   72.927508] sd 2:0:0:0: [sda] Assuming drive cache: write through
[   72.929197]  sda: sda1
[   72.929679] sd 2:0:0:0: [sda] Attached SCSI disk
[   73.699505] sd 2:0:1:0: Attached scsi generic sg1 type 0
[   73.856836] sd 2:0:1:0: [sdb] 20480 512-byte logical blocks: (10.5 MB/10.0 MiB)
[   74.102514] sd 2:0:1:0: [sdb] Write Protect is off
[   74.266140] sd 2:0:1:0: [sdb] Incomplete mode parameter data
[   74.465271] sd 2:0:1:0: [sdb] Assuming drive cache: write through
[   74.680979] sd 2:0:1:0: [sdb] Attached SCSI disk
Begin: Loading e[   76.177167] md: linear personality registered for level -1
ssential drivers[   76.354683] md: multipath personality registered for level -4
 ... [   76.564936] md: raid0 personality registered for level 0
[   76.754748] md: raid1 personality registered for level 1
[   76.995204] raid6: sse2x1   gen()  9097 MB/s
[   77.203210] raid6: sse2x1   xor()  5229 MB/s
[   77.387240] raid6: sse2x2   gen() 10756 MB/s
[   77.599264] raid6: sse2x2   xor()  6344 MB/s
[   77.811668] raid6: sse2x4   gen() 11675 MB/s
[   77.967761] raid6: sse2x4   xor()  8364 MB/s
[   78.107534] raid6: using algorithm sse2x4 gen() 11675 MB/s
[   78.281999] raid6: .... xor() 8364 MB/s, rmw enabled
[   78.437859] raid6: using ssse3x2 recovery algorithm
[   78.605970] xor: automatically using best checksumming function:
[   78.839034]    avx       : 18401.000 MB/sec
[   78.967510] async_tx: api initialized (async)
[   79.111210] md: raid6 personality registered for level 6
[   79.290162] md: raid5 personality registered for level 5
[   79.458559] md: raid4 personality registered for level 4
[   79.644393] md: raid10 personality registered for level 10
done.
Begin: Running[   79.838681] Btrfs loaded
 /scripts/init-premount ... done[   79.956736] EXT4-fs (sda1): mounted filesystem with ordered data mode. Opts: (null)
.
Begin: Mounting root file system ... Begin: Running /scripts/local-top ... done.
Begin: Running /scripts/local-premount ... Scanning for Btrfs filesystems
done.
Warning: fsck not present, so skipping root file system
done.
Begin: Running /scripts/local-bottom ... done.
Begin: Running /scripts/init-bottom ... done.
[   80.653022] systemd[1]: systemd 229 running in system mode. (+PAM +AUDIT +SELINUX +IMA +APPARMOR +SMACK +SYSVINIT +UTMP +LIBCRYPTSETUP +GCRYPT +GNUTLS +ACL +XZ -LZ4 +SECCOMP +BLKID +ELFUTILS +KMOD -IDN)
[   81.294590] systemd[1]: Detected virtualization oracle.
[   81.460890] systemd[1]: Detected architecture x86-64.

Welcome to [1mUbuntu 16.04.3 LTS[0m!

[   81.708763] systemd[1]: Set hostname to <ubuntu>.
[   81.854409] systemd[1]: Initializing machine ID from random generator.
[   82.077825] systemd[1]: Installed transient /etc/machine-id file.
[   82.310239] random: nonblocking pool is initialized
[   82.569461] systemd[1]: Listening on udev Control Socket.
[[0;32m  OK  [0m] Listening on udev Control Socket.
[   82.827401] systemd[1]: Listening on LVM2 poll daemon socket.
[[0;32m  OK  [0m] Listening on LVM2 poll daemon socket.
[   83.091396] systemd[1]: Created slice System Slice.
[[0;32m  OK  [0m] Created slice System Slice.
[   83.315668] systemd[1]: Created slice system-serial\x2dgetty.slice.
[[0;32m  OK  [0m] Created slice system-serial\x2dgetty.slice.
[   83.615543] systemd[1]: Listening on udev Kernel Socket.
[[0;32m  OK  [0m] Listening on udev Kernel Socket.
[   83.868023] systemd[1]: Reached target Swap.
[[0;32m  OK  [0m] Reached target Swap.
[   84.059260] systemd[1]: Listening on Device-mapper event daemon FIFOs.
[[0;32m  OK  [0m] Listening on Device-mapper event daemon FIFOs.
[   84.371471] systemd[1]: Started Trigger resolvconf update for networkd DNS.
[[0;32m  OK  [0m] Started Trigger resolvconf update for networkd DNS.
[   84.699521] systemd[1]: Listening on Journal Socket (/dev/log).
[[0;32m  OK  [0m] Listening on Journal Socket (/dev/log).
[   84.971226] systemd[1]: Reached target User and Group Name Lookups.
[[0;32m  OK  [0m] Reached target User and Group Name Lookups.
[   85.102040] systemd[1]: Started Forward Password Requests to Wall Directory Watch.
[[0;32m  OK  [0m] Started Forward Password Requests to Wall Directory Watch.
[   85.303254] systemd[1]: Created slice User and Session Slice.
[[0;32m  OK  [0m] Created slice User and Session Slice.
[   85.567195] systemd[1]: Reached target Slices.
[[0;32m  OK  [0m] Reached target Slices.
[   85.783483] systemd[1]: Listening on LVM2 metadata daemon socket.
[[0;32m  OK  [0m] Listening on LVM2 metadata daemon socket.
[   86.076059] systemd[1]: Set up automount Arbitrary Executable File Formats File System Automount Point.
[[0;32m  OK  [0m] Set up automount Arbitrary Executab...ats File System Automount Point.
[   86.495589] systemd[1]: Reached target Encrypted Volumes.
[[0;32m  OK  [0m] Reached target Encrypted Volumes.
[   86.760125] systemd[1]: Listening on Journal Socket.
[[0;32m  OK  [0m] Listening on Journal Socket.
[   86.995483] systemd[1]: Starting Uncomplicated firewall...
         Starting Uncomplicated firewall...
[   87.263601] systemd[1]: Starting Create list of required static device nodes for the current kernel...
         Starting Create list of required st... nodes for the current kernel...
[   87.527662] systemd[1]: Starting Load Kernel Modules...
         [   87.705519] Loading iSCSI transport class v2.0-870.
Starting Load Ke[   87.884933] iscsi: registered transport (tcp)
rnel Modules...
[   88.062871] iscsi: registered transport (iser)
[   88.204092] systemd[1]: Starting Set console keymap...
         Starting Set console keymap...
[   88.435859] systemd[1]: Starting Remount Root and Kernel File Systems...
         [   88.656570] EXT4-fs (sda1): re-mounted. Opts: (null)
Starting Remount Root and Kernel File Systems...
[   88.843031] systemd[1]: Starting Nameserver information manager...
         Starting Nameserver information manager...
[   89.131357] systemd[1]: Starting Monitoring of LVM2 mirrors, snapshots etc. using dmeventd or progress polling...
         Starting Monitoring of LVM2 mirrors... dmeventd or progress polling...
[   89.575545] systemd[1]: Mounting Huge Pages File System...
         Mounting Huge Pages File System...
[   89.823777] systemd[1]: Listening on Syslog Socket.
[[0;32m  OK  [0m] Listening on Syslog Socket.
[   90.063475] systemd[1]: Mounting POSIX Message Queue File System...
         Mounting POSIX Message Queue File System...
[   90.335453] systemd[1]: Listening on /dev/initctl Compatibility Named Pipe.
[[0;32m  OK  [0m] Listening on /dev/initctl Compatibility Named Pipe.
[   90.667348] systemd[1]: Listening on Journal Audit Socket.
[[0;32m  OK  [0m] Listening on Journal Audit Socket.
[   90.935211] systemd[1]: Starting Journal Service...
         Starting Journal Service...
[   91.155256] systemd[1]: Mounting Debug File System...
         Mounting Debug File System...
[   91.372381] systemd[1]: Mounted Debug File System.
[[0;32m  OK  [0m] Mounted Debug File System.
[   91.579118] systemd[1]: Mounted Huge Pages File System.
[[0;32m  OK  [0m] Mounted Huge Pages File System.
[   91.831852] systemd[1]: Mounted POSIX Message Queue File System.
[[0;32m  OK  [0m] Mounted POSIX Message Queue File System.
[   92.112139] systemd[1]: Started Journal Service.
[[0;32m  OK  [0m] Started Journal Service.
[[0;32m  OK  [0m] Started Uncomplicated firewall.
[[0;32m  OK  [0m] Started Create list of required sta...ce nodes for the current kernel.
[[0;32m  OK  [0m] Started Load Kernel Modules.
[[0;32m  OK  [0m] Started Set console keymap.
[[0;32m  OK  [0m] Started Remount Root and Kernel File Systems.
[[0;32m  OK  [0m] Started Nameserver information manager.
[[0;32m  OK  [0m] Started LVM2 metadata daemon.
         Starting udev Coldplug all Devices...
         Starting Load/Save Random Seed...
         Starting Initial cloud-init job (pre-networking)...
         Mounting FUSE Control File System...
         Starting Apply Kernel Variables...
         Starting Create Static Device Nodes in /dev...
         Starting Flush Journal to Persistent Storage...
[[0;32m  OK  [0m] Mounted FUSE Control File System.
[[0;32m  OK  [0m] Started Monitoring of LVM2 mirrors,...ng dmeventd or progress polling.
[[0;32m  OK  [0m] Started Load/Save Random Seed.
[[0;32m  OK  [0m] Started Apply Kernel Variables.
[[0;32m  OK  [0m] Started Create Static Device Nodes in /dev.
[[0;32m  OK  [0m] Started udev Coldplug all Devices.
[   48.678680] cloud-init[451]: Cloud-init v. 0.7.9 running 'init-local' at Tue, 19 Sep 2017 14:40:30 +0000. Up 48.43 seconds.
         Starting udev Kernel Device Manager...
[[0;32m  OK  [0m] Started udev Kernel Device Manager.
[[0;32m  OK  [0m] Started Flush Journal to Persistent Storage.
[[0;32m  OK  [0m] Started Initial cloud-init job (pre-networking).
[[0;32m  OK  [0m] Found device /dev/ttyS0.
[[0;32m  OK  [0m] Listening on Load/Save RF Kill Switch Status /dev/rfkill Watch.
[[0;32m  OK  [0m] Reached target Network (Pre).
[[0;32m  OK  [0m] Started Dispatch Password Requests to Console Directory Watch.
[[0;32m  OK  [0m] Reached target Local File Systems (Pre).
[[0;32m  OK  [0m] Reached target Local File Systems.
         Starting Create Volatile Files and Directories...
         Starting Commit a transient machine-id on disk...
         Starting Set console font and keymap...
         Starting LSB: AppArmor initialization...
         Starting Tell Plymouth To Write Out Runtime Data...
[[0;32m  OK  [0m] Started Create Volatile Files and Directories.
[[0;32m  OK  [0m] Started Commit a transient machine-id on disk.
[[0;32m  OK  [0m] Started Set console font and keymap.
[[0;32m  OK  [0m] Started Tell Plymouth To Write Out Runtime Data.
[[0;32m  OK  [0m] Created slice system-getty.slice.
[[0;32m  OK  [0m] Reached target System Time Synchronized.
         Starting Update UTMP about System Boot/Shutdown...
[[0;32m  OK  [0m] Started Update UTMP about System Boot/Shutdown.
[[0;32m  OK  [0m] Started LSB: AppArmor initialization.
         Starting Raise network interfaces...
[[0;32m  OK  [0m] Started ifup for enp0s3.
[[0;32m  OK  [0m] Started Raise network interfaces.
         Starting Initial cloud-init job (metadata service crawler)...
[[0;32m  OK  [0m] Reached target Network.
[   52.866418] cloud-init[970]: Cloud-init v. 0.7.9 running 'init' at Tue, 19 Sep 2017 14:40:34 +0000. Up 52.35 seconds.
[   53.052593] cloud-init[970]: ci-info: +++++++++++++++++++++++++++++++++++++Net device info++++++++++++++++++++++++++++++++++++++
[   53.052797] cloud-init[970]: ci-info: +--------+-------+---------------------------+---------------+-------+-------------------+
[[0;32m  OK  [0m] Started Initial cloud-init job (metadata service crawler).
[   53.052871] cloud-init[970]: ci-info: | Device |   Up  |          Address          |      Mask     | Scope |     Hw-Address    |
[   53.700541] cloud-init[970]: ci-info: +--------+-------+---------------------------+---------------+-------+-------------------+
[   53.701149] cloud-init[970]: ci-info: | enp0s3 |  True |         10.0.2.15         | 255.255.255.0 |   .   | 02:42:5d:6e:03:5a |
[[0;32m  OK  [0m] Reached target Network is Online.
[   53.701396] cloud-init[970]: ci-info: | enp0s3 |  True | fe80::42:5dff:fe6e:35a/64 |       .       |  link | 02:42:5d:6e:03:5a |
[   54.304388] cloud-init[970]: ci-info: | enp0s8 | False |             .             |       .       |   .   | 08:00:27:5b:6a:c2 |
[   54.304631] cloud-init[970]: ci-info: |   lo   |  True |         127.0.0.1         |   255.0.0.0   |   .   |         .         |
         Starting iSCSI initiator daemon (iscsid)...
[[   54.304723] cloud-init[970]: ci-info: |   lo   |  True |          ::1/128          |       .       |  host |         .         |
[   54.741900] cloud-init[970]: ci-info: +--------+-------+---------------------------+---------------+-------+-------------------+
[0;32m  OK  [0m] Reached target Cloud-config availability.
[   54.742214] cloud-init[970]: ci-info: +++++++++++++++++++++++++++Route IPv4 info++++++++++++++++++++++++++++
[   55.182553] cloud-init[970]: ci-info: +-------+-------------+----------+---------------+-----------+-------+
[[0;32m  OK  [0m] Reached target System Initialization.
[   55.182931] cloud-init[970]: ci-info: | Route | Destination | Gateway  |    Genmask    | Interface | Flags |
[   55.710246] cloud-init[970]: ci-info: +-------+-------------+----------+---------------+-----------+-------+
[   55.711087] cloud-init[970]: ci-info: |   0   |   0.0.0.0   | 10.0.2.2 |    0.0.0.0    |   enp0s3  |   UG  |
         Starting LXD - unix socket.
[   55.711455] cloud-init[970]: ci-info: |   1   |   10.0.2.0  | 0.0.0.0  | 255.255.255.0 |   enp0s3  |   U   |
[   56.061849] cloud-init[970]: ci-info: +-------+-------------+----------+---------------+-----------+-------+
[[0;32m  OK  [0m] Started Daily Cleanup of Temporary Directories.
[   56.062901] cloud-init[970]: Generating public/private rsa key pair.
[[0;32m  OK  [0m] Started Daily apt download activities.[   56.441873] 
cloud-init[970]: Your identification has been saved in /etc/ssh/ssh_host_rsa_key.
[   56.748966] cloud-init[970]: Your public key has been saved in /etc/ssh/ssh_host_rsa_key.pub.
[   56.749246] cloud-init[970]: The key fingerprint is:
         Starting Socket activation for snappy daemon.
[   56.749354] cloud-init[970]: SHA256:ax4znuEd6hHPXbriV6lvws5mcYNm1sV23xc6QO6SseI root@ubuntu-xenial
[   57.042147] cloud-init[970]: The key's randomart image is:
[[0;32m  OK  [0m] Started Timer to automatically refresh installed snaps.
[   57.042801] cloud-init[970]: +---[RSA 2048]----+
[   57.378007] cloud-init[970]: |                 |
[[0;32m  OK  [0m] Listening on ACPID Listen Socket.
[[   57.378442] cloud-init[970]: |           .     |
[   57.590355] cloud-init[970]: |          o    . |
[0;32m  OK  [0m] Started Daily apt upgrade and clean activities.
[[   57.590461] cloud-init[970]: |         . o   .=|
[   57.813040] cloud-init[970]: |        S = .oo+=|
[0;32m  OK  [0m] Listening on D-Bus System Message Bus Socket.
[   57.813112] cloud-init[970]: |       . O o*=* +|
[   58.037145] cloud-init[970]: |      . X ==o=...|
[[0;32m  OK  [0m] Started Timer to automatically fetch and run repair assertions.
[   58.037276] cloud-init[970]: |       E X.oB..  |
[   58.301957] cloud-init[970]: |       .B.o*++.  |
[[0;32m  OK  [0m] Reached target Timers.
[   58.302307] cloud-init[970]: +----[SHA256]-----+
[   58.576812] cloud-init[970]: Generating public/private dsa key pair.
[   58.577258] cloud-init[970]: Your identification has been saved in /etc/ssh/ssh_host_dsa_key.
[[0;32m  OK  [0m] Started ACPI Events Check.
[   58.577534] cloud-init[970]: Your public key has been saved in /etc/ssh/ssh_host_dsa_key.pub.
[[0;32m  OK  [0m] Reached target Paths.
[[   58.876949] cloud-init[970]: The key fingerprint is:
[   59.060674] cloud-init[970]: SHA256:vUlJfnrI371gghIuaAAn69K2hUd+f2tAcf1u1ZVgkC8 root@ubuntu-xenial
[0;32m  OK  [0m] Listening on UUID daemon activation socket.
[   59.060743] cloud-init[970]: The key's randomart image is:
[   59.432551] cloud-init[970]: +---[DSA 1024]----+
[   59.432861] cloud-init[970]: |           ooo. .|
[[0;32m  OK  [0m] Listening on LXD - unix socket.
[   59.433360] cloud-init[970]: |        . ..o  ..|
[   59.624696] cloud-init[970]: |o .      o. ..  o|
[[0;32m  OK  [0m] Listening on Socket activation for snappy daemon.
[[   59.624780] cloud-init[970]: |.+      .+ E .. o|
[   59.859543] cloud-init[970]: |..  .  oS = o. . |
[   59.860002] cloud-init[970]: |...+. . oo.*  o  |
[0;32m  OK  [0m] Started iSCSI initiator daemon (iscsid).
[   59.860219] cloud-init[970]: |..+o+..o o*..+   |
[   60.192443] cloud-init[970]: |...+ .... ooo... |
[   60.192684] cloud-init[970]: |  .     .o... ..o|
         Starting Login to default iSCSI targets...
[[   60.192826] cloud-init[970]: +----[SHA256]-----+
[   60.408907] cloud-init[970]: Generating public/private ecdsa key pair.
[0;32m  OK  [0m] Reached target Sockets.
[[   60.408965] cloud-init[970]: Your identification has been saved in /etc/ssh/ssh_host_ecdsa_key.
[   60.648984] cloud-init[970]: Your public key has been saved in /etc/ssh/ssh_host_ecdsa_key.pub.
[0;32m  OK  [0m] Reached target Basic System.
[   60.649068] cloud-init[970]: The key fingerprint is:
[   61.056780] cloud-init[970]: SHA256:UeKm4mONyvhgzmoR+Zq9BGbck11gVAW4h82HKSKQGrs root@ubuntu-xenial
[   61.057023] cloud-init[970]: The key's randomart image is:
         Starting Apply the settings specified in cloud-config...
[   61.057194] cloud-init[970]: +---[ECDSA 256]---+
[   61.428678] cloud-init[970]: | .  .+oo+..      |
[   61.428906] cloud-init[970]: |+   .... o       |
         Starting LSB: Record successful boot for GRUB...
[   61.429016] cloud-init[970]: |oo.   =.*        |
[   61.860147] cloud-init[970]: |++..o+.O o       |
[   61.948346] cloud-init[970]: | *++o.+ S        |
         Starting /etc/rc.local Compatibility...
[   62.028071] cloud-init[970]: |E..o.+           |
[   62.189346] cloud-init[970]: |..=.= .          |
[   62.189568] cloud-init[970]: |+B.+ .           |
[   62.189687] cloud-init[970]: |=++..            |
[[0;32m  OK  [0m] Started FUSE filesystem for LXC.
[   62.189728] cloud-init[970]: +----[SHA256]-----+
[   62.522061] cloud-init[970]: Generating public/private ed25519 key pair.
[   62.522300] cloud-init[970]: Your identification has been saved in /etc/ssh/ssh_host_ed25519_key.
[[0;32m  OK  [0m] Started ACPI event daemon.
[   62.522470] cloud-init[970]: Your public key has been saved in /etc/ssh/ssh_host_ed25519_key.pub.
[   62.964529] cloud-init[970]: The key fingerprint is:
[   62.964776] cloud-init[970]: SHA256:h9v12uaSYzbmlLKujCaVMIyAGsZxWSloa9bvcOBGYsg root@ubuntu-xenial
         Starting Pollinate to seed the pseudo random number generator...
[   62.964925] cloud-init[970]: The key's randomart image is:
[   63.352501] cloud-init[970]: +--[ED25519 256]--+
[   63.352717] cloud-init[970]: |o.o.o..          |
         Starting Snappy daemon...
[   63.352869] cloud-init[970]: |+=.o .           |
[   63.612672] cloud-init[970]: |*ooo.            |
[   63.612889] cloud-init[970]: |oE.++    .       |
         Starting Login Service...
[   63.612991] cloud-init[970]: |+ + oo .S . .    |
[   63.880408] cloud-init[970]: |   + oo  + . o   |
[   63.880660] cloud-init[970]: |  . +.  . o o..  |
[[0;32m  OK  [0m] Started Deferred execution scheduler.
[   63.880747] cloud-init[970]: |    ...o   +Oo.  |
         [   64.188502] cloud-init[970]: |     o. ooo=o*o  |
[   64.188913] cloud-init[970]: +----[SHA256]-----+
Starting Accounts Service...
[   64.190038] cloud-init[1070]: Generating locales (this might take a while)...
[   64.444549] cloud-init[1070]:   en_US.UTF-8... done
[[0;32m  OK  [0m] Started D-Bus System Message Bus.
[   64.444841] cloud-init[1070]: Generation complete.
[[0;32m  OK  [0m] Started Unattended Upgrades Shutdown.
         Starting System Logging Service...
         Starting LSB: MD monitoring daemon...
[[0;32m  OK  [0m] Started Regular background program processing daemon.
         Starting LXD - container startup/shutdown...
[[0;32m  OK  [0m] Started Snappy daemon.
[[0;32m  OK  [0m] Started System Logging Service.
[[0;32m  OK  [0m] Started /etc/rc.local Compatibility.
[[0;32m  OK  [0m] Started Pollinate to seed the pseudo random number generator.
[[0;32m  OK  [0m] Started LXD - container startup/shutdown.
[[0;32m  OK  [0m] Started Login to default iSCSI targets.
[[0;32m  OK  [0m] Started LSB: Record successful boot for GRUB.
[[0;32m  OK  [0m] Started LSB: MD monitoring daemon.
[[0;32m  OK  [0m] Started Login Service.
         Starting Authenticate and Authorize Users to Run Privileged Tasks...
[[0;32m  OK  [0m] Reached target Remote File Systems (Pre).
[[0;32m  OK  [0m] Reached target Remote File Systems.
         Starting Permit User Sessions...
         Starting LSB: daemon to balance interrupts for SMP systems...
         Starting LSB: Set the CPU Frequency Scaling governor to "ondemand"...
         Starting LSB: automatic crash report generation...
         Starting LSB: VirtualBox Linux Additions...
[[0;32m  OK  [0m] Stopped OpenBSD Secure Shell server.
         Starting OpenBSD Secure Shell server...
         Starting Auto import assertions from block devices...
[[0;32m  OK  [0m] Started OpenBSD Secure Shell server.
[[0;32m  OK  [0m] Started Permit User Sessions.
[[0;32m  OK  [0m] Started Auto import assertions from block devices.
[[0;32m  OK  [0m] Started Authenticate and Authorize Users to Run Privileged Tasks.
[[0;32m  OK  [0m] Started Accounts Service.
[   67.231813] cloud-init[1070]: Cloud-init v. 0.7.9 running 'modules:config' at Tue, 19 Sep 2017 14:40:43 +0000. Up 61.24 seconds.
[[0;32m  OK  [0m] Started Apply the settings specified in cloud-config.
[[0;32m  OK  [0m] Started LSB: Set the CPU Frequency Scaling governor to "ondemand".
[[0;32m  OK  [0m] Started LSB: daemon to balance interrupts for SMP systems.
[[0;32m  OK  [0m] Started LSB: automatic crash report generation.
         Starting Hold until boot process finishes up...
         Starting Terminate Plymouth Boot Screen...
[[0;32m  OK  [0m] Started LSB: VirtualBox Linux Additions.
[[0;32m  OK  [0m] Started Hold until boot process finishes up.
[[0;32m  OK  [0m] Started Terminate Plymouth Boot Screen.
[[0;32m  OK  [0m] Started Getty on tty1.
         Starting Set console scheme...
[[0;32m  OK  [0m] Started Serial Getty on ttyS0.
[[0;32m  OK  [0m] Reached target Login Prompts.
[[0;32m  OK  [0m] Reached target Multi-User System.
         Starting Execute cloud user/final scripts...
[[0;32m  OK  [0m] Reached target Graphical Interface.
         Starting Update UTMP about System Runlevel Changes...
[[0;32m  OK  [0m] Started Set console scheme.
[[0;32m  OK  [0m] Started Update UTMP about System Runlevel Changes.
ci-info: no authorized ssh keys fingerprints found for user ubuntu.
<14>Sep 19 14:40:51 ec2: 
<14>Sep 19 14:40:51 ec2: #############################################################
<14>Sep 19 14:40:51 ec2: -----BEGIN SSH HOST KEY FINGERPRINTS-----
<14>Sep 19 14:40:51 ec2: 1024 SHA256:vUlJfnrI371gghIuaAAn69K2hUd+f2tAcf1u1ZVgkC8 root@ubuntu-xenial (DSA)
<14>Sep 19 14:40:51 ec2: 256 SHA256:UeKm4mONyvhgzmoR+Zq9BGbck11gVAW4h82HKSKQGrs root@ubuntu-xenial (ECDSA)
<14>Sep 19 14:40:51 ec2: 256 SHA256:h9v12uaSYzbmlLKujCaVMIyAGsZxWSloa9bvcOBGYsg root@ubuntu-xenial (ED25519)
<14>Sep 19 14:40:51 ec2: 2048 SHA256:ax4znuEd6hHPXbriV6lvws5mcYNm1sV23xc6QO6SseI root@ubuntu-xenial (RSA)
<14>Sep 19 14:40:51 ec2: -----END SSH HOST KEY FINGERPRINTS-----
<14>Sep 19 14:40:51 ec2: #############################################################
-----BEGIN SSH HOST KEY KEYS-----
ecdsa-sha2-nistp256 AAAAE2VjZHNhLXNoYTItbmlzdHAyNTYAAAAIbmlzdHAyNTYAAABBBLoIID7h1IErmjgzDnrspNIleoffaSpXpZNCrSohYsZceIrehG8upWS1JZLsv3GF26BzirTrn/x/OrfE/Lv8Hl4= root@ubuntu-xenial
ssh-ed25519 AAAAC3NzaC1lZDI1NTE5AAAAIK1wgnSAdMXhmaPnjkaXxicehblF5B9DUFhM+25PR7Ua root@ubuntu-xenial
ssh-rsa AAAAB3NzaC1yc2EAAAADAQABAAABAQDvk94OQRyTwFjnBdTac8OrjdAXVVTI5h2CX6xpDgkLj6EndC55onlisLpaoNS/OgpQVTf1FxNtYLleit0vgNNOrmD7dMkK9x7UISPlt0noC2P0Lqk7cNSWOWm7x0tUXEZCPB86PFX5C4WAv2Sf/318GWm8KDiOueH9V6irBr4nwKc6lGCij4YkG3cdzsiFoNa0ummBZeeIn4yblSfq78NKiwz0dHZYMW0h2DorLLpqy1XSvAt88AjPzjmk6VHXqbIPnQEjxymv6imH7H+DYOcJ3pFJJS5TdSFYNUMhRTIPWmvmd3vrZJpXqtlb9YcqP95zNyPHgrPBDa9uJTNmjGwl root@ubuntu-xenial
-----END SSH HOST KEY KEYS-----
[   71.396944] cloud-init[1318]: Cloud-init v. 0.7.9 running 'modules:final' at Tue, 19 Sep 2017 14:40:50 +0000. Up 68.98 seconds.
[   71.572667] cloud-init[1318]: ci-info: no authorized ssh keys fingerprints found for user ubuntu.
[   71.572877] cloud-init[1318]: Cloud-init v. 0.7.9 finished at Tue, 19 Sep 2017 14:40:53 +0000. Datasource DataSourceNoCloud [seed=/dev/sdb][dsmode=net].  Up 71.39 seconds
[[0;32m  OK  [0m] Started Execute cloud user/final scripts.
[[0;32m  OK  [0m] Reached target Cloud-init target.

Ubuntu 16.04.3 LTS ubuntu-xenial ttyS0

ubuntu-xenial login: 